<?xml version="1.0" encoding="UTF-8"?>
<!-- Generated by org.testng.reporters.JUnitReportReporter -->
<testsuite hostname="DESKTOP-AM63N8S" failures="0" tests="1" name="TestRunnerrr.TestRunnerrr" time="21.097" errors="0" timestamp="2023-01-05T10:17:27 CST" skipped="0">
  <testcase classname="TestRunnerrr.TestRunnerrr" name="feature" time="21.097"/>
  <system-out/>
</testsuite> <!-- TestRunnerrr.TestRunnerrr -->
